2018-07-03 09:43:56.522 INFO [main][ServerConfigUtil.java:74] - 	ssodbsharding:false
2018-07-03 09:43:56.535 INFO [main][ServerConfigUtil.java:78] - 	servicemonitor:false
2018-07-03 09:43:56.535 INFO [main][ServerConfigUtil.java:82] - 	jdbcmonitor:false
2018-07-03 09:43:56.535 INFO [main][ServerConfigUtil.java:86] - 	loglevel:DEBUG
2018-07-03 09:43:56.535 INFO [main][ServerConfigUtil.java:90] - 	updatebackup:no
2018-07-03 09:43:56.535 INFO [main][ServerConfigUtil.java:96] - 	notokenauth
2018-07-03 09:43:56.535 INFO [main][ServerConfigUtil.java:107] - 		/service/finedo/login/localauth
2018-07-03 09:44:21.940 INFO [main][ServerConfigUtil.java:74] - 	ssodbsharding:false
2018-07-03 09:44:21.940 INFO [main][ServerConfigUtil.java:78] - 	servicemonitor:false
2018-07-03 09:44:21.952 INFO [main][ServerConfigUtil.java:82] - 	jdbcmonitor:false
2018-07-03 09:44:21.952 INFO [main][ServerConfigUtil.java:86] - 	loglevel:DEBUG
2018-07-03 09:44:21.952 INFO [main][ServerConfigUtil.java:90] - 	updatebackup:no
2018-07-03 09:44:21.952 INFO [main][ServerConfigUtil.java:96] - 	notokenauth
2018-07-03 09:44:21.953 INFO [main][ServerConfigUtil.java:107] - 		/service/finedo/login/localauth
2018-07-03 09:44:41.703 INFO [main][ServerConfigUtil.java:74] - 	ssodbsharding:false
2018-07-03 09:44:41.718 INFO [main][ServerConfigUtil.java:78] - 	servicemonitor:false
2018-07-03 09:44:41.719 INFO [main][ServerConfigUtil.java:82] - 	jdbcmonitor:false
2018-07-03 09:44:41.719 INFO [main][ServerConfigUtil.java:86] - 	loglevel:DEBUG
2018-07-03 09:44:41.719 INFO [main][ServerConfigUtil.java:90] - 	updatebackup:no
2018-07-03 09:44:41.719 INFO [main][ServerConfigUtil.java:96] - 	notokenauth
2018-07-03 09:44:41.719 INFO [main][ServerConfigUtil.java:107] - 		/service/finedo/login/localauth
2018-07-03 09:46:29.255 INFO [main][ServerConfigUtil.java:74] - 	ssodbsharding:false
2018-07-03 09:46:29.255 INFO [main][ServerConfigUtil.java:78] - 	servicemonitor:false
2018-07-03 09:46:29.255 INFO [main][ServerConfigUtil.java:82] - 	jdbcmonitor:false
2018-07-03 09:46:29.255 INFO [main][ServerConfigUtil.java:86] - 	loglevel:DEBUG
2018-07-03 09:46:29.267 INFO [main][ServerConfigUtil.java:90] - 	updatebackup:no
2018-07-03 09:46:29.267 INFO [main][ServerConfigUtil.java:96] - 	notokenauth
2018-07-03 09:46:29.267 INFO [main][ServerConfigUtil.java:107] - 		/service/finedo/login/localauth
